<?xml version="1.0" encoding="UTF-8"?>
<!-- Generated by org.testng.reporters.JUnitXMLReporter -->
<testsuite hostname="LP-IN-NW147-02" ignored="0" name="Test_All" tests="1" failures="1" timestamp="2022-04-26T11:48:55 IST" time="17.078" errors="0">
  <testcase name="addToCartTest" time="6.296" classname="com.test.AddtoCartTest">
    <failure type="java.lang.AssertionError" message="expected [true] but found [false]">
      <![CDATA[java.lang.AssertionError: expected [true] but found [false]
at com.test.AddtoCartTest.addToCartTest(AddtoCartTest.java:35)
at java.util.ArrayList.forEach(ArrayList.java:1257)
... Removed 31 stack frames]]>
    </failure>
  </testcase> <!-- addToCartTest -->
</testsuite> <!-- Test_All -->
