<?xml version="1.0" encoding="UTF-8"?>
<testng-results skipped="0" failed="1" ignored="0" total="1" passed="0">
  <reporter-output>
  </reporter-output>
  <suite name="Suite" duration-ms="17078" started-at="2022-04-26T11:48:38 IST" finished-at="2022-04-26T11:48:55 IST">
    <groups>
      <group name="Sanity">
        <method signature="AddtoCartTest.addToCartTest(java.lang.String, java.lang.String, java.lang.String)[pri:0, instance:com.test.AddtoCartTest@46daef40]" name="addToCartTest" class="com.test.AddtoCartTest"/>
      </group> <!-- Sanity -->
      <group name="Regression">
        <method signature="AddtoCartTest.addToCartTest(java.lang.String, java.lang.String, java.lang.String)[pri:0, instance:com.test.AddtoCartTest@46daef40]" name="addToCartTest" class="com.test.AddtoCartTest"/>
      </group> <!-- Regression -->
    </groups>
    <test name="Test_All" duration-ms="17078" started-at="2022-04-26T11:48:38 IST" finished-at="2022-04-26T11:48:55 IST">
      <class name="com.test.AddtoCartTest">
        <test-method status="PASS" signature="loadConfig()[pri:0, instance:com.test.AddtoCartTest@46daef40]" name="loadConfig" is-config="true" duration-ms="90" started-at="2022-04-26T11:48:37 IST" finished-at="2022-04-26T11:48:38 IST">
          <reporter-output>
          </reporter-output>
        </test-method> <!-- loadConfig -->
        <test-method status="PASS" signature="setup(java.lang.String)[pri:0, instance:com.test.AddtoCartTest@46daef40]" name="setup" is-config="true" duration-ms="9962" started-at="2022-04-26T11:48:38 IST" finished-at="2022-04-26T11:48:48 IST">
          <params>
            <param index="0">
              <value>
                <![CDATA[Chrome]]>
              </value>
            </param>
          </params>
          <reporter-output>
          </reporter-output>
        </test-method> <!-- setup -->
        <test-method status="FAIL" signature="addToCartTest(java.lang.String, java.lang.String, java.lang.String)[pri:0, instance:com.test.AddtoCartTest@46daef40]" name="addToCartTest" duration-ms="6296" started-at="2022-04-26T11:48:48 IST" data-provider="getProduct" finished-at="2022-04-26T11:48:54 IST">
          <params>
            <param index="0">
              <value>
                <![CDATA[t-shirt]]>
              </value>
            </param>
            <param index="1">
              <value>
                <![CDATA[2.0]]>
              </value>
            </param>
            <param index="2">
              <value>
                <![CDATA[M]]>
              </value>
            </param>
          </params>
          <exception class="java.lang.AssertionError">
            <message>
              <![CDATA[expected [true] but found [false]]]>
            </message>
            <full-stacktrace>
              <![CDATA[java.lang.AssertionError: expected [true] but found [false]
at org.testng.Assert.fail(Assert.java:97)
at org.testng.Assert.failNotEquals(Assert.java:969)
at org.testng.Assert.assertTrue(Assert.java:43)
at org.testng.Assert.assertTrue(Assert.java:53)
at com.test.AddtoCartTest.addToCartTest(AddtoCartTest.java:35)
at sun.reflect.NativeMethodAccessorImpl.invoke0(Native Method)
at sun.reflect.NativeMethodAccessorImpl.invoke(NativeMethodAccessorImpl.java:62)
at sun.reflect.DelegatingMethodAccessorImpl.invoke(DelegatingMethodAccessorImpl.java:43)
at java.lang.reflect.Method.invoke(Method.java:498)
at org.testng.internal.MethodInvocationHelper.invokeMethod(MethodInvocationHelper.java:134)
at org.testng.internal.TestInvoker.invokeMethod(TestInvoker.java:597)
at org.testng.internal.TestInvoker.invokeTestMethod(TestInvoker.java:173)
at org.testng.internal.MethodRunner.runInSequence(MethodRunner.java:46)
at org.testng.internal.TestInvoker$MethodInvocationAgent.invoke(TestInvoker.java:816)
at org.testng.internal.TestInvoker.invokeTestMethods(TestInvoker.java:146)
at org.testng.internal.TestMethodWorker.invokeTestMethods(TestMethodWorker.java:146)
at org.testng.internal.TestMethodWorker.run(TestMethodWorker.java:128)
at java.util.ArrayList.forEach(ArrayList.java:1257)
at org.testng.TestRunner.privateRun(TestRunner.java:766)
at org.testng.TestRunner.run(TestRunner.java:587)
at org.testng.SuiteRunner.runTest(SuiteRunner.java:384)
at org.testng.SuiteRunner.runSequentially(SuiteRunner.java:378)
at org.testng.SuiteRunner.privateRun(SuiteRunner.java:337)
at org.testng.SuiteRunner.run(SuiteRunner.java:286)
at org.testng.SuiteRunnerWorker.runSuite(SuiteRunnerWorker.java:53)
at org.testng.SuiteRunnerWorker.run(SuiteRunnerWorker.java:96)
at org.testng.TestNG.runSuitesSequentially(TestNG.java:1187)
at org.testng.TestNG.runSuitesLocally(TestNG.java:1109)
at org.testng.TestNG.runSuites(TestNG.java:1039)
at org.testng.TestNG.run(TestNG.java:1007)
at org.testng.remote.AbstractRemoteTestNG.run(AbstractRemoteTestNG.java:115)
at org.testng.remote.RemoteTestNG.initAndRun(RemoteTestNG.java:251)
at org.testng.remote.RemoteTestNG.main(RemoteTestNG.java:77)
]]>
            </full-stacktrace>
          </exception> <!-- java.lang.AssertionError -->
          <reporter-output>
          </reporter-output>
        </test-method> <!-- addToCartTest -->
        <test-method status="PASS" signature="extentReportEnd()[pri:0, instance:com.test.AddtoCartTest@46daef40]" name="extentReportEnd" is-config="true" duration-ms="533" started-at="2022-04-26T11:48:55 IST" finished-at="2022-04-26T11:48:55 IST">
          <reporter-output>
          </reporter-output>
        </test-method> <!-- extentReportEnd -->
      </class> <!-- com.test.AddtoCartTest -->
    </test> <!-- Test_All -->
  </suite> <!-- Suite -->
</testng-results>
